**********Start: 2021-03-15 22:40:30**********
Namespace(batch_size=8, epochs=50, eval_path='./wbrmdt/data/dataset/eval/', log_path='./wbrmdt/data/model/report.log', lr=0.001, save_path='./wbrmdt/data/model/rmdt.pt', seed=1, train_path='./wbrmdt/data/dataset/train/', valid_path='./wbrmdt/data/dataset/valid/', wv_index_path='./wbrmdt/data/dict/pretrain_wv.index.json', wv_path='./wbrmdt/data/dict/pretrain_wv.vec.dat')
**************************************************
Epoch: 00
Train Loss: 0.4996 Acc: 0.8169 F1: 0.8167(0.8200/0.8175)
Valid Loss: 0.4302 Acc: 0.8798 F1: 0.8796(0.8832/0.8798)
**************************************************

**************************************************
Epoch: 01
Train Loss: 0.4209 Acc: 0.8939 F1: 0.8938(0.8945/0.8941)
Valid Loss: 0.4391 Acc: 0.8670 F1: 0.8661(0.8770/0.8670)
**************************************************

**************************************************
Epoch: 02
Train Loss: 0.4130 Acc: 0.8979 F1: 0.8979(0.8990/0.8982)
Valid Loss: 0.4033 Acc: 0.9120 F1: 0.9120(0.9120/0.9120)
**************************************************

**************************************************
Epoch: 03
Train Loss: 0.3955 Acc: 0.9140 F1: 0.9140(0.9143/0.9142)
Valid Loss: 0.3919 Acc: 0.9163 F1: 0.9163(0.9169/0.9163)
**************************************************

**************************************************
Epoch: 04
Train Loss: 0.3812 Acc: 0.9317 F1: 0.9316(0.9322/0.9319)
Valid Loss: 0.3860 Acc: 0.9249 F1: 0.9249(0.9253/0.9249)
**************************************************

**************************************************
Epoch: 05
Train Loss: 0.3643 Acc: 0.9501 F1: 0.9501(0.9503/0.9503)
Valid Loss: 0.3941 Acc: 0.9120 F1: 0.9119(0.9137/0.9120)
**************************************************

**************************************************
Epoch: 06
Train Loss: 0.3654 Acc: 0.9483 F1: 0.9483(0.9485/0.9484)
Valid Loss: 0.3933 Acc: 0.9099 F1: 0.9099(0.9099/0.9099)
**************************************************

**************************************************
Epoch: 07
Train Loss: 0.3540 Acc: 0.9601 F1: 0.9601(0.9602/0.9602)
Valid Loss: 0.3961 Acc: 0.9120 F1: 0.9120(0.9121/0.9120)
**************************************************

**************************************************
Epoch: 08
Train Loss: 0.3464 Acc: 0.9670 F1: 0.9670(0.9672/0.9672)
Valid Loss: 0.3970 Acc: 0.9120 F1: 0.9120(0.9129/0.9120)
**************************************************

**************************************************
Epoch: 09
Train Loss: 0.3504 Acc: 0.9641 F1: 0.9641(0.9642/0.9642)
Valid Loss: 0.4150 Acc: 0.8948 F1: 0.8944(0.9020/0.8948)
**************************************************

**************************************************
Epoch: 10
Train Loss: 0.3394 Acc: 0.9743 F1: 0.9743(0.9743/0.9744)
Valid Loss: 0.3784 Acc: 0.9335 F1: 0.9335(0.9337/0.9335)
**************************************************

**************************************************
Epoch: 11
Train Loss: 0.3336 Acc: 0.9818 F1: 0.9818(0.9818/0.9819)
Valid Loss: 0.3902 Acc: 0.9206 F1: 0.9205(0.9224/0.9206)
**************************************************

**************************************************
Epoch: 12
Train Loss: 0.3326 Acc: 0.9823 F1: 0.9823(0.9824/0.9824)
Valid Loss: 0.3765 Acc: 0.9270 F1: 0.9270(0.9271/0.9270)
**************************************************

**************************************************
Epoch: 13
Train Loss: 0.3322 Acc: 0.9810 F1: 0.9810(0.9810/0.9811)
Valid Loss: 0.3864 Acc: 0.9249 F1: 0.9249(0.9250/0.9249)
**************************************************

**************************************************
Epoch: 14
Train Loss: 0.3346 Acc: 0.9778 F1: 0.9778(0.9777/0.9778)
Valid Loss: 0.4019 Acc: 0.9077 F1: 0.9076(0.9105/0.9077)
**************************************************

**************************************************
Epoch: 15
Train Loss: 0.3276 Acc: 0.9871 F1: 0.9871(0.9871/0.9872)
Valid Loss: 0.3911 Acc: 0.9227 F1: 0.9227(0.9239/0.9227)
**************************************************

**************************************************
Epoch: 16
Train Loss: 0.3293 Acc: 0.9842 F1: 0.9842(0.9842/0.9843)
Valid Loss: 0.3884 Acc: 0.9249 F1: 0.9249(0.9258/0.9249)
**************************************************

**************************************************
Epoch: 17
Train Loss: 0.3340 Acc: 0.9802 F1: 0.9802(0.9802/0.9802)
Valid Loss: 0.4046 Acc: 0.9056 F1: 0.9052(0.9115/0.9056)
**************************************************

**************************************************
Epoch: 18
Train Loss: 0.3293 Acc: 0.9842 F1: 0.9842(0.9842/0.9842)
Valid Loss: 0.3822 Acc: 0.9292 F1: 0.9292(0.9294/0.9292)
**************************************************

**************************************************
Epoch: 19
Train Loss: 0.3250 Acc: 0.9890 F1: 0.9890(0.9890/0.9891)
Valid Loss: 0.3940 Acc: 0.9142 F1: 0.9140(0.9172/0.9142)
**************************************************

**************************************************
Epoch: 20
Train Loss: 0.3271 Acc: 0.9866 F1: 0.9866(0.9866/0.9866)
Valid Loss: 0.3881 Acc: 0.9185 F1: 0.9184(0.9187/0.9185)
**************************************************

**************************************************
Epoch: 21
Train Loss: 0.3234 Acc: 0.9901 F1: 0.9901(0.9901/0.9901)
Valid Loss: 0.3857 Acc: 0.9185 F1: 0.9184(0.9186/0.9185)
**************************************************

**************************************************
Epoch: 22
Train Loss: 0.3205 Acc: 0.9930 F1: 0.9930(0.9930/0.9931)
Valid Loss: 0.3839 Acc: 0.9270 F1: 0.9270(0.9272/0.9270)
**************************************************

**************************************************
Epoch: 23
Train Loss: 0.3253 Acc: 0.9890 F1: 0.9890(0.9890/0.9891)
Valid Loss: 0.3995 Acc: 0.9099 F1: 0.9098(0.9114/0.9099)
**************************************************

**************************************************
Epoch: 24
Train Loss: 0.3253 Acc: 0.9887 F1: 0.9887(0.9887/0.9888)
Valid Loss: 0.3913 Acc: 0.9163 F1: 0.9163(0.9163/0.9163)
**************************************************

**************************************************
Epoch: 25
Train Loss: 0.3207 Acc: 0.9936 F1: 0.9936(0.9935/0.9936)
Valid Loss: 0.3950 Acc: 0.9099 F1: 0.9098(0.9104/0.9099)
**************************************************

**************************************************
Epoch: 26
Train Loss: 0.3197 Acc: 0.9938 F1: 0.9938(0.9938/0.9939)
Valid Loss: 0.3857 Acc: 0.9227 F1: 0.9227(0.9227/0.9227)
**************************************************

**************************************************
Epoch: 27
Train Loss: 0.3205 Acc: 0.9930 F1: 0.9930(0.9930/0.9931)
Valid Loss: 0.3960 Acc: 0.9120 F1: 0.9120(0.9121/0.9120)
**************************************************

**************************************************
Epoch: 28
Train Loss: 0.3201 Acc: 0.9936 F1: 0.9936(0.9936/0.9936)
Valid Loss: 0.3855 Acc: 0.9270 F1: 0.9270(0.9271/0.9270)
**************************************************

**************************************************
Epoch: 29
Train Loss: 0.3310 Acc: 0.9820 F1: 0.9820(0.9821/0.9820)
Valid Loss: 0.3888 Acc: 0.9206 F1: 0.9205(0.9224/0.9206)
**************************************************

**************************************************
Epoch: 30
Train Loss: 0.3246 Acc: 0.9890 F1: 0.9890(0.9890/0.9891)
Valid Loss: 0.3818 Acc: 0.9292 F1: 0.9292(0.9293/0.9292)
**************************************************

**************************************************
Epoch: 31
Train Loss: 0.3208 Acc: 0.9930 F1: 0.9930(0.9930/0.9931)
Valid Loss: 0.3904 Acc: 0.9185 F1: 0.9183(0.9216/0.9185)
**************************************************

**************************************************
Epoch: 32
Train Loss: 0.3229 Acc: 0.9904 F1: 0.9904(0.9903/0.9904)
Valid Loss: 0.3971 Acc: 0.9142 F1: 0.9139(0.9202/0.9142)
**************************************************

**************************************************
Epoch: 33
Train Loss: 0.3200 Acc: 0.9938 F1: 0.9938(0.9938/0.9939)
Valid Loss: 0.3943 Acc: 0.9142 F1: 0.9141(0.9153/0.9142)
**************************************************

**************************************************
Epoch: 34
Train Loss: 0.3209 Acc: 0.9925 F1: 0.9925(0.9925/0.9925)
Valid Loss: 0.3814 Acc: 0.9335 F1: 0.9335(0.9335/0.9335)
**************************************************

**************************************************
Epoch: 35
Train Loss: 0.3186 Acc: 0.9952 F1: 0.9952(0.9952/0.9952)
Valid Loss: 0.3994 Acc: 0.9099 F1: 0.9099(0.9099/0.9099)
**************************************************

**************************************************
Epoch: 36
Train Loss: 0.3188 Acc: 0.9949 F1: 0.9949(0.9949/0.9949)
Valid Loss: 0.3891 Acc: 0.9227 F1: 0.9227(0.9232/0.9227)
**************************************************

**************************************************
Epoch: 37
Train Loss: 0.3197 Acc: 0.9936 F1: 0.9936(0.9936/0.9936)
Valid Loss: 0.3948 Acc: 0.9163 F1: 0.9163(0.9169/0.9163)
**************************************************

**************************************************
Epoch: 38
Train Loss: 0.3240 Acc: 0.9893 F1: 0.9893(0.9893/0.9893)
Valid Loss: 0.4012 Acc: 0.9077 F1: 0.9076(0.9105/0.9077)
**************************************************

**************************************************
Epoch: 39
Train Loss: 0.3201 Acc: 0.9933 F1: 0.9933(0.9933/0.9933)
Valid Loss: 0.3974 Acc: 0.9120 F1: 0.9120(0.9122/0.9120)
**************************************************

**************************************************
Epoch: 40
Train Loss: 0.3201 Acc: 0.9933 F1: 0.9933(0.9933/0.9933)
Valid Loss: 0.3880 Acc: 0.9227 F1: 0.9227(0.9228/0.9227)
**************************************************

**************************************************
Epoch: 41
Train Loss: 0.3221 Acc: 0.9914 F1: 0.9914(0.9914/0.9914)
Valid Loss: 0.3912 Acc: 0.9185 F1: 0.9184(0.9186/0.9185)
**************************************************

**************************************************
Epoch: 42
Train Loss: 0.3187 Acc: 0.9946 F1: 0.9946(0.9946/0.9947)
Valid Loss: 0.3899 Acc: 0.9227 F1: 0.9227(0.9227/0.9227)
**************************************************

**************************************************
Epoch: 43
Train Loss: 0.3219 Acc: 0.9917 F1: 0.9917(0.9917/0.9917)
Valid Loss: 0.3915 Acc: 0.9185 F1: 0.9184(0.9204/0.9185)
**************************************************

**************************************************
Epoch: 44
Train Loss: 0.3275 Acc: 0.9858 F1: 0.9858(0.9858/0.9858)
Valid Loss: 0.3905 Acc: 0.9227 F1: 0.9227(0.9227/0.9227)
**************************************************

**************************************************
Epoch: 45
Train Loss: 0.3204 Acc: 0.9928 F1: 0.9928(0.9927/0.9928)
Valid Loss: 0.3976 Acc: 0.9142 F1: 0.9142(0.9142/0.9142)
**************************************************

**************************************************
Epoch: 46
Train Loss: 0.3203 Acc: 0.9925 F1: 0.9925(0.9925/0.9925)
Valid Loss: 0.4019 Acc: 0.9056 F1: 0.9056(0.9057/0.9056)
**************************************************

**************************************************
Epoch: 47
Train Loss: 0.3187 Acc: 0.9946 F1: 0.9946(0.9946/0.9947)
Valid Loss: 0.3921 Acc: 0.9185 F1: 0.9184(0.9186/0.9185)
**************************************************

**************************************************
Epoch: 48
Train Loss: 0.3195 Acc: 0.9944 F1: 0.9944(0.9944/0.9944)
Valid Loss: 0.3964 Acc: 0.9163 F1: 0.9163(0.9163/0.9163)
**************************************************

**************************************************
Epoch: 49
Train Loss: 0.3188 Acc: 0.9946 F1: 0.9946(0.9946/0.9947)
Valid Loss: 0.3966 Acc: 0.9142 F1: 0.9141(0.9147/0.9142)
**************************************************

**************************************************
Eval  Loss: 0.3689 Acc: 0.9443 F1: 0.9443(0.9449/0.9446)
**************************************************

**********End: 2021-03-16 07:10:05**********

